<?xml version="1.0" encoding="UTF-8"?>
<!-- Generated by org.testng.reporters.JUnitXMLReporter -->
<testsuite hostname="ENCDTH061" ignored="0" name="Default test" tests="7" failures="0" timestamp="11 Jul 2019 13:16:24 GMT" time="0.063" errors="0">
  <testcase name="NegativePrioirty100" time="0.016" classname="testNgExample.Priorityexample"/>
  <testcase name="NegativeonePrioirty" time="0.015" classname="testNgExample.Priorityexample"/>
  <testcase name="AbNegativePrioirty" time="0.0" classname="testNgExample.Priorityexample"/>
  <testcase name="NegativePrioirty" time="0.0" classname="testNgExample.Priorityexample"/>
  <testcase name="ZerothPriority" time="0.0" classname="testNgExample.Priorityexample"/>
  <testcase name="PositivePriority" time="0.0" classname="testNgExample.Priorityexample"/>
  <testcase name="SkippedPriority" time="0.0" classname="testNgExample.Priorityexample"/>
</testsuite> <!-- Default test -->
